c:\21-1\멀티코어 프로그래밍\과제\cuda팀과제\cuda_project\cuda_project\x64\release\vc142.pdb
c:\21-1\멀티코어 프로그래밍\과제\cuda팀과제\cuda_project\cuda_project\x64\release\ds_timer.obj
x64\release\main.cu.obj
c:\21-1\멀티코어 프로그래밍\과제\cuda팀과제\cuda_project\x64\release\cuda_project.lib
c:\21-1\멀티코어 프로그래밍\과제\cuda팀과제\cuda_project\x64\release\cuda_project.exp
c:\21-1\멀티코어 프로그래밍\과제\cuda팀과제\cuda_project\x64\release\cuda_project.exe
c:\21-1\멀티코어 프로그래밍\과제\cuda팀과제\cuda_project\cuda_project\x64\release\cuda_project.iobj
c:\21-1\멀티코어 프로그래밍\과제\cuda팀과제\cuda_project\x64\release\cuda_project.pdb
c:\21-1\멀티코어 프로그래밍\과제\cuda팀과제\cuda_project\cuda_project\x64\release\main.cu.cache
c:\21-1\멀티코어 프로그래밍\과제\cuda팀과제\cuda_project\cuda_project\x64\release\main.cu.obj
c:\21-1\멀티코어 프로그래밍\과제\cuda팀과제\cuda_project\cuda_project\x64\release\cuda_project.ipdb
c:\21-1\멀티코어 프로그래밍\과제\cuda팀과제\cuda_project\cuda_project\x64\release\cuda_project.tlog\cl.command.1.tlog
c:\21-1\멀티코어 프로그래밍\과제\cuda팀과제\cuda_project\cuda_project\x64\release\cuda_project.tlog\cl.read.1.tlog
c:\21-1\멀티코어 프로그래밍\과제\cuda팀과제\cuda_project\cuda_project\x64\release\cuda_project.tlog\cl.write.1.tlog
c:\21-1\멀티코어 프로그래밍\과제\cuda팀과제\cuda_project\cuda_project\x64\release\cuda_project.tlog\cudacompile.read.1u.tlog
c:\21-1\멀티코어 프로그래밍\과제\cuda팀과제\cuda_project\cuda_project\x64\release\cuda_project.tlog\cudacompile.write.1u.tlog
c:\21-1\멀티코어 프로그래밍\과제\cuda팀과제\cuda_project\cuda_project\x64\release\cuda_project.tlog\cuda_project.write.1u.tlog
c:\21-1\멀티코어 프로그래밍\과제\cuda팀과제\cuda_project\cuda_project\x64\release\cuda_project.tlog\link.command.1.tlog
c:\21-1\멀티코어 프로그래밍\과제\cuda팀과제\cuda_project\cuda_project\x64\release\cuda_project.tlog\link.read.1.tlog
c:\21-1\멀티코어 프로그래밍\과제\cuda팀과제\cuda_project\cuda_project\x64\release\cuda_project.tlog\link.write.1.tlog
